
> digiweb-erp@0.1.0 dev
> next dev

  ▲ Next.js 14.2.33
  - Local:        http://localhost:3000
  - Environments: .env

 ✓ Starting...
 ✓ Ready in 3.2s
<w> [webpack.cache.PackFileCacheStrategy] Caching failed for pack: Error: ENOENT: no such file or directory, stat '/home/pierr/projects/digiweb/DIGIWEB-V0/.next/cache/webpack/client-development/17.pack.gz'
 ○ Compiling /src/middleware ...
 ✓ Compiled /src/middleware in 3.6s (174 modules)
 ○ Compiling /dashboard/sales/quotes ...
 ✓ Compiled /dashboard/sales/quotes in 9.6s (1832 modules)
 ✓ Compiled in 830ms (902 modules)
 GET /dashboard/sales/quotes 200 in 10527ms
 ○ Compiling /api/auth/[...nextauth] ...
<w> [webpack.cache.PackFileCacheStrategy] Caching failed for pack: Error: ENOENT: no such file or directory, stat '/home/pierr/projects/digiweb/DIGIWEB-V0/.next/cache/webpack/client-development/3.pack.gz'
 ✓ Compiled /api/auth/[...nextauth] in 3.6s (944 modules)
 ✓ Compiled (1279 modules)
[next-auth][warn][DEBUG_ENABLED] 
https://next-auth.js.org/warnings#debug_enabled
 GET /favicon.ico 200 in 7131ms
Error fetching notifications: TypeError: Cannot read properties of undefined (reading 'findMany')
    at GET (webpack-internal:///(rsc)/./src/app/api/notifications/route.ts:35:98)
    at async /home/pierr/projects/digiweb/DIGIWEB-V0/node_modules/next/dist/compiled/next-server/app-route.runtime.dev.js:6:57228
    at async eT.execute (/home/pierr/projects/digiweb/DIGIWEB-V0/node_modules/next/dist/compiled/next-server/app-route.runtime.dev.js:6:46851)
    at async eT.handle (/home/pierr/projects/digiweb/DIGIWEB-V0/node_modules/next/dist/compiled/next-server/app-route.runtime.dev.js:6:58760)
    at async doRender (/home/pierr/projects/digiweb/DIGIWEB-V0/node_modules/next/dist/server/base-server.js:1366:42)
    at async cacheEntry.responseCache.get.routeKind (/home/pierr/projects/digiweb/DIGIWEB-V0/node_modules/next/dist/server/base-server.js:1588:28)
    at async DevServer.renderToResponseWithComponentsImpl (/home/pierr/projects/digiweb/DIGIWEB-V0/node_modules/next/dist/server/base-server.js:1496:28)
    at async DevServer.renderPageComponent (/home/pierr/projects/digiweb/DIGIWEB-V0/node_modules/next/dist/server/base-server.js:1924:24)
    at async DevServer.renderToResponseImpl (/home/pierr/projects/digiweb/DIGIWEB-V0/node_modules/next/dist/server/base-server.js:1962:32)
    at async DevServer.pipeImpl (/home/pierr/projects/digiweb/DIGIWEB-V0/node_modules/next/dist/server/base-server.js:922:25)
    at async NextNodeServer.handleCatchallRenderRequest (/home/pierr/projects/digiweb/DIGIWEB-V0/node_modules/next/dist/server/next-server.js:272:17)
    at async DevServer.handleRequestImpl (/home/pierr/projects/digiweb/DIGIWEB-V0/node_modules/next/dist/server/base-server.js:818:17)
    at async /home/pierr/projects/digiweb/DIGIWEB-V0/node_modules/next/dist/server/dev/next-dev-server.js:339:20
    at async Span.traceAsyncFn (/home/pierr/projects/digiweb/DIGIWEB-V0/node_modules/next/dist/trace/trace.js:154:20)
    at async DevServer.handleRequest (/home/pierr/projects/digiweb/DIGIWEB-V0/node_modules/next/dist/server/dev/next-dev-server.js:336:24)
    at async invokeRender (/home/pierr/projects/digiweb/DIGIWEB-V0/node_modules/next/dist/server/lib/router-server.js:179:21)
    at async handleRequest (/home/pierr/projects/digiweb/DIGIWEB-V0/node_modules/next/dist/server/lib/router-server.js:359:24)
    at async requestHandlerImpl (/home/pierr/projects/digiweb/DIGIWEB-V0/node_modules/next/dist/server/lib/router-server.js:383:13)
    at async Server.requestListener (/home/pierr/projects/digiweb/DIGIWEB-V0/node_modules/next/dist/server/lib/start-server.js:141:13)
Erreur GET /api/quotes: TypeError: Cannot read properties of undefined (reading 'findMany')
    at GET (webpack-internal:///(rsc)/./src/app/api/quotes/route.ts:97:84)
    at async /home/pierr/projects/digiweb/DIGIWEB-V0/node_modules/next/dist/compiled/next-server/app-route.runtime.dev.js:6:57228
    at async eT.execute (/home/pierr/projects/digiweb/DIGIWEB-V0/node_modules/next/dist/compiled/next-server/app-route.runtime.dev.js:6:46851)
    at async eT.handle (/home/pierr/projects/digiweb/DIGIWEB-V0/node_modules/next/dist/compiled/next-server/app-route.runtime.dev.js:6:58760)
    at async doRender (/home/pierr/projects/digiweb/DIGIWEB-V0/node_modules/next/dist/server/base-server.js:1366:42)
    at async cacheEntry.responseCache.get.routeKind (/home/pierr/projects/digiweb/DIGIWEB-V0/node_modules/next/dist/server/base-server.js:1588:28)
    at async DevServer.renderToResponseWithComponentsImpl (/home/pierr/projects/digiweb/DIGIWEB-V0/node_modules/next/dist/server/base-server.js:1496:28)
    at async DevServer.renderPageComponent (/home/pierr/projects/digiweb/DIGIWEB-V0/node_modules/next/dist/server/base-server.js:1924:24)
    at async DevServer.renderToResponseImpl (/home/pierr/projects/digiweb/DIGIWEB-V0/node_modules/next/dist/server/base-server.js:1962:32)
    at async DevServer.pipeImpl (/home/pierr/projects/digiweb/DIGIWEB-V0/node_modules/next/dist/server/base-server.js:922:25)
    at async NextNodeServer.handleCatchallRenderRequest (/home/pierr/projects/digiweb/DIGIWEB-V0/node_modules/next/dist/server/next-server.js:272:17)
    at async DevServer.handleRequestImpl (/home/pierr/projects/digiweb/DIGIWEB-V0/node_modules/next/dist/server/base-server.js:818:17)
    at async /home/pierr/projects/digiweb/DIGIWEB-V0/node_modules/next/dist/server/dev/next-dev-server.js:339:20
    at async Span.traceAsyncFn (/home/pierr/projects/digiweb/DIGIWEB-V0/node_modules/next/dist/trace/trace.js:154:20)
    at async DevServer.handleRequest (/home/pierr/projects/digiweb/DIGIWEB-V0/node_modules/next/dist/server/dev/next-dev-server.js:336:24)
    at async invokeRender (/home/pierr/projects/digiweb/DIGIWEB-V0/node_modules/next/dist/server/lib/router-server.js:179:21)
    at async handleRequest (/home/pierr/projects/digiweb/DIGIWEB-V0/node_modules/next/dist/server/lib/router-server.js:359:24)
    at async requestHandlerImpl (/home/pierr/projects/digiweb/DIGIWEB-V0/node_modules/next/dist/server/lib/router-server.js:383:13)
    at async Server.requestListener (/home/pierr/projects/digiweb/DIGIWEB-V0/node_modules/next/dist/server/lib/start-server.js:141:13)
prisma:query SELECT `digibe_app_prod`.`contacts`.`id`, `digibe_app_prod`.`contacts`.`firstName`, `digibe_app_prod`.`contacts`.`lastName`, `digibe_app_prod`.`contacts`.`email`, `digibe_app_prod`.`contacts`.`phone`, `digibe_app_prod`.`contacts`.`position`, `digibe_app_prod`.`contacts`.`companyId`, `digibe_app_prod`.`contacts`.`siret`, `digibe_app_prod`.`contacts`.`gerant`, `digibe_app_prod`.`contacts`.`status`, `digibe_app_prod`.`contacts`.`qualityScore`, `digibe_app_prod`.`contacts`.`assignedToId`, `digibe_app_prod`.`contacts`.`address`, `digibe_app_prod`.`contacts`.`city`, `digibe_app_prod`.`contacts`.`postalCode`, `digibe_app_prod`.`contacts`.`country`, `digibe_app_prod`.`contacts`.`source`, `digibe_app_prod`.`contacts`.`createdAt`, `digibe_app_prod`.`contacts`.`updatedAt` FROM `digibe_app_prod`.`contacts` WHERE 1=1 ORDER BY `digibe_app_prod`.`contacts`.`qualityScore` DESC, `digibe_app_prod`.`contacts`.`createdAt` DESC
prisma:query SELECT `digibe_app_prod`.`companies`.`id`, `digibe_app_prod`.`companies`.`name`, `digibe_app_prod`.`companies`.`siret` FROM `digibe_app_prod`.`companies` WHERE `digibe_app_prod`.`companies`.`id` IN (?,?)
prisma:query SELECT `digibe_app_prod`.`users`.`id`, `digibe_app_prod`.`users`.`firstName`, `digibe_app_prod`.`users`.`lastName`, `digibe_app_prod`.`users`.`email` FROM `digibe_app_prod`.`users` WHERE `digibe_app_prod`.`users`.`id` IN (?)
prisma:query SELECT COUNT(*) AS `_count$_all` FROM (SELECT `digibe_app_prod`.`contacts`.`id` FROM `digibe_app_prod`.`contacts` WHERE 1=1) AS `sub`
prisma:query SELECT COUNT(*) AS `_count$_all` FROM (SELECT `digibe_app_prod`.`contacts`.`id` FROM `digibe_app_prod`.`contacts` WHERE `digibe_app_prod`.`contacts`.`status` IN (?,?)) AS `sub`
prisma:query SELECT COUNT(*) AS `_count$_all` FROM (SELECT `digibe_app_prod`.`contacts`.`id` FROM `digibe_app_prod`.`contacts` WHERE `digibe_app_prod`.`contacts`.`status` = ?) AS `sub`
 GET /api/auth/session 200 in 3457ms
 GET /api/auth/session 200 in 131ms
Error fetching notifications: TypeError: Cannot read properties of undefined (reading 'findMany')
    at GET (webpack-internal:///(rsc)/./src/app/api/notifications/route.ts:35:98)
    at async /home/pierr/projects/digiweb/DIGIWEB-V0/node_modules/next/dist/compiled/next-server/app-route.runtime.dev.js:6:57228
    at async eT.execute (/home/pierr/projects/digiweb/DIGIWEB-V0/node_modules/next/dist/compiled/next-server/app-route.runtime.dev.js:6:46851)
    at async eT.handle (/home/pierr/projects/digiweb/DIGIWEB-V0/node_modules/next/dist/compiled/next-server/app-route.runtime.dev.js:6:58760)
    at async doRender (/home/pierr/projects/digiweb/DIGIWEB-V0/node_modules/next/dist/server/base-server.js:1366:42)
    at async cacheEntry.responseCache.get.routeKind (/home/pierr/projects/digiweb/DIGIWEB-V0/node_modules/next/dist/server/base-server.js:1588:28)
    at async DevServer.renderToResponseWithComponentsImpl (/home/pierr/projects/digiweb/DIGIWEB-V0/node_modules/next/dist/server/base-server.js:1496:28)
    at async DevServer.renderPageComponent (/home/pierr/projects/digiweb/DIGIWEB-V0/node_modules/next/dist/server/base-server.js:1924:24)
    at async DevServer.renderToResponseImpl (/home/pierr/projects/digiweb/DIGIWEB-V0/node_modules/next/dist/server/base-server.js:1962:32)
    at async DevServer.pipeImpl (/home/pierr/projects/digiweb/DIGIWEB-V0/node_modules/next/dist/server/base-server.js:922:25)
    at async NextNodeServer.handleCatchallRenderRequest (/home/pierr/projects/digiweb/DIGIWEB-V0/node_modules/next/dist/server/next-server.js:272:17)
    at async DevServer.handleRequestImpl (/home/pierr/projects/digiweb/DIGIWEB-V0/node_modules/next/dist/server/base-server.js:818:17)
    at async /home/pierr/projects/digiweb/DIGIWEB-V0/node_modules/next/dist/server/dev/next-dev-server.js:339:20
    at async Span.traceAsyncFn (/home/pierr/projects/digiweb/DIGIWEB-V0/node_modules/next/dist/trace/trace.js:154:20)
    at async DevServer.handleRequest (/home/pierr/projects/digiweb/DIGIWEB-V0/node_modules/next/dist/server/dev/next-dev-server.js:336:24)
    at async invokeRender (/home/pierr/projects/digiweb/DIGIWEB-V0/node_modules/next/dist/server/lib/router-server.js:179:21)
    at async handleRequest (/home/pierr/projects/digiweb/DIGIWEB-V0/node_modules/next/dist/server/lib/router-server.js:359:24)
    at async requestHandlerImpl (/home/pierr/projects/digiweb/DIGIWEB-V0/node_modules/next/dist/server/lib/router-server.js:383:13)
    at async Server.requestListener (/home/pierr/projects/digiweb/DIGIWEB-V0/node_modules/next/dist/server/lib/start-server.js:141:13)
 GET /api/notifications?unreadOnly=false 500 in 148ms
Erreur GET /api/quotes: TypeError: Cannot read properties of undefined (reading 'findMany')
    at GET (webpack-internal:///(rsc)/./src/app/api/quotes/route.ts:97:84)
    at async /home/pierr/projects/digiweb/DIGIWEB-V0/node_modules/next/dist/compiled/next-server/app-route.runtime.dev.js:6:57228
    at async eT.execute (/home/pierr/projects/digiweb/DIGIWEB-V0/node_modules/next/dist/compiled/next-server/app-route.runtime.dev.js:6:46851)
    at async eT.handle (/home/pierr/projects/digiweb/DIGIWEB-V0/node_modules/next/dist/compiled/next-server/app-route.runtime.dev.js:6:58760)
    at async doRender (/home/pierr/projects/digiweb/DIGIWEB-V0/node_modules/next/dist/server/base-server.js:1366:42)
    at async cacheEntry.responseCache.get.routeKind (/home/pierr/projects/digiweb/DIGIWEB-V0/node_modules/next/dist/server/base-server.js:1588:28)
    at async DevServer.renderToResponseWithComponentsImpl (/home/pierr/projects/digiweb/DIGIWEB-V0/node_modules/next/dist/server/base-server.js:1496:28)
    at async DevServer.renderPageComponent (/home/pierr/projects/digiweb/DIGIWEB-V0/node_modules/next/dist/server/base-server.js:1924:24)
    at async DevServer.renderToResponseImpl (/home/pierr/projects/digiweb/DIGIWEB-V0/node_modules/next/dist/server/base-server.js:1962:32)
    at async DevServer.pipeImpl (/home/pierr/projects/digiweb/DIGIWEB-V0/node_modules/next/dist/server/base-server.js:922:25)
    at async NextNodeServer.handleCatchallRenderRequest (/home/pierr/projects/digiweb/DIGIWEB-V0/node_modules/next/dist/server/next-server.js:272:17)
    at async DevServer.handleRequestImpl (/home/pierr/projects/digiweb/DIGIWEB-V0/node_modules/next/dist/server/base-server.js:818:17)
    at async /home/pierr/projects/digiweb/DIGIWEB-V0/node_modules/next/dist/server/dev/next-dev-server.js:339:20
    at async Span.traceAsyncFn (/home/pierr/projects/digiweb/DIGIWEB-V0/node_modules/next/dist/trace/trace.js:154:20)
    at async DevServer.handleRequest (/home/pierr/projects/digiweb/DIGIWEB-V0/node_modules/next/dist/server/dev/next-dev-server.js:336:24)
    at async invokeRender (/home/pierr/projects/digiweb/DIGIWEB-V0/node_modules/next/dist/server/lib/router-server.js:179:21)
    at async handleRequest (/home/pierr/projects/digiweb/DIGIWEB-V0/node_modules/next/dist/server/lib/router-server.js:359:24)
    at async requestHandlerImpl (/home/pierr/projects/digiweb/DIGIWEB-V0/node_modules/next/dist/server/lib/router-server.js:383:13)
    at async Server.requestListener (/home/pierr/projects/digiweb/DIGIWEB-V0/node_modules/next/dist/server/lib/start-server.js:141:13)
 GET /api/quotes 500 in 153ms
prisma:query SELECT `digibe_app_prod`.`contacts`.`id`, `digibe_app_prod`.`contacts`.`firstName`, `digibe_app_prod`.`contacts`.`lastName`, `digibe_app_prod`.`contacts`.`email`, `digibe_app_prod`.`contacts`.`phone`, `digibe_app_prod`.`contacts`.`position`, `digibe_app_prod`.`contacts`.`companyId`, `digibe_app_prod`.`contacts`.`siret`, `digibe_app_prod`.`contacts`.`gerant`, `digibe_app_prod`.`contacts`.`status`, `digibe_app_prod`.`contacts`.`qualityScore`, `digibe_app_prod`.`contacts`.`assignedToId`, `digibe_app_prod`.`contacts`.`address`, `digibe_app_prod`.`contacts`.`city`, `digibe_app_prod`.`contacts`.`postalCode`, `digibe_app_prod`.`contacts`.`country`, `digibe_app_prod`.`contacts`.`source`, `digibe_app_prod`.`contacts`.`createdAt`, `digibe_app_prod`.`contacts`.`updatedAt` FROM `digibe_app_prod`.`contacts` WHERE 1=1 ORDER BY `digibe_app_prod`.`contacts`.`qualityScore` DESC, `digibe_app_prod`.`contacts`.`createdAt` DESC
prisma:query SELECT `digibe_app_prod`.`companies`.`id`, `digibe_app_prod`.`companies`.`name`, `digibe_app_prod`.`companies`.`siret` FROM `digibe_app_prod`.`companies` WHERE `digibe_app_prod`.`companies`.`id` IN (?,?)
prisma:query SELECT `digibe_app_prod`.`users`.`id`, `digibe_app_prod`.`users`.`firstName`, `digibe_app_prod`.`users`.`lastName`, `digibe_app_prod`.`users`.`email` FROM `digibe_app_prod`.`users` WHERE `digibe_app_prod`.`users`.`id` IN (?)
prisma:query SELECT COUNT(*) AS `_count$_all` FROM (SELECT `digibe_app_prod`.`contacts`.`id` FROM `digibe_app_prod`.`contacts` WHERE 1=1) AS `sub`
prisma:query SELECT COUNT(*) AS `_count$_all` FROM (SELECT `digibe_app_prod`.`contacts`.`id` FROM `digibe_app_prod`.`contacts` WHERE `digibe_app_prod`.`contacts`.`status` IN (?,?)) AS `sub`
 GET /api/contacts 200 in 312ms
prisma:query SELECT COUNT(*) AS `_count$_all` FROM (SELECT `digibe_app_prod`.`contacts`.`id` FROM `digibe_app_prod`.`contacts` WHERE `digibe_app_prod`.`contacts`.`status` = ?) AS `sub`
Error fetching notifications: TypeError: Cannot read properties of undefined (reading 'findMany')
    at GET (webpack-internal:///(rsc)/./src/app/api/notifications/route.ts:35:98)
    at async /home/pierr/projects/digiweb/DIGIWEB-V0/node_modules/next/dist/compiled/next-server/app-route.runtime.dev.js:6:57228
    at async eT.execute (/home/pierr/projects/digiweb/DIGIWEB-V0/node_modules/next/dist/compiled/next-server/app-route.runtime.dev.js:6:46851)
    at async eT.handle (/home/pierr/projects/digiweb/DIGIWEB-V0/node_modules/next/dist/compiled/next-server/app-route.runtime.dev.js:6:58760)
    at async doRender (/home/pierr/projects/digiweb/DIGIWEB-V0/node_modules/next/dist/server/base-server.js:1366:42)
    at async cacheEntry.responseCache.get.routeKind (/home/pierr/projects/digiweb/DIGIWEB-V0/node_modules/next/dist/server/base-server.js:1588:28)
    at async DevServer.renderToResponseWithComponentsImpl (/home/pierr/projects/digiweb/DIGIWEB-V0/node_modules/next/dist/server/base-server.js:1496:28)
    at async DevServer.renderPageComponent (/home/pierr/projects/digiweb/DIGIWEB-V0/node_modules/next/dist/server/base-server.js:1924:24)
    at async DevServer.renderToResponseImpl (/home/pierr/projects/digiweb/DIGIWEB-V0/node_modules/next/dist/server/base-server.js:1962:32)
    at async DevServer.pipeImpl (/home/pierr/projects/digiweb/DIGIWEB-V0/node_modules/next/dist/server/base-server.js:922:25)
    at async NextNodeServer.handleCatchallRenderRequest (/home/pierr/projects/digiweb/DIGIWEB-V0/node_modules/next/dist/server/next-server.js:272:17)
    at async DevServer.handleRequestImpl (/home/pierr/projects/digiweb/DIGIWEB-V0/node_modules/next/dist/server/base-server.js:818:17)
    at async /home/pierr/projects/digiweb/DIGIWEB-V0/node_modules/next/dist/server/dev/next-dev-server.js:339:20
    at async Span.traceAsyncFn (/home/pierr/projects/digiweb/DIGIWEB-V0/node_modules/next/dist/trace/trace.js:154:20)
    at async DevServer.handleRequest (/home/pierr/projects/digiweb/DIGIWEB-V0/node_modules/next/dist/server/dev/next-dev-server.js:336:24)
    at async invokeRender (/home/pierr/projects/digiweb/DIGIWEB-V0/node_modules/next/dist/server/lib/router-server.js:179:21)
    at async handleRequest (/home/pierr/projects/digiweb/DIGIWEB-V0/node_modules/next/dist/server/lib/router-server.js:359:24)
    at async requestHandlerImpl (/home/pierr/projects/digiweb/DIGIWEB-V0/node_modules/next/dist/server/lib/router-server.js:383:13)
    at async Server.requestListener (/home/pierr/projects/digiweb/DIGIWEB-V0/node_modules/next/dist/server/lib/start-server.js:141:13)
 GET /api/notifications?unreadOnly=false 500 in 70ms
Erreur GET /api/quotes: TypeError: Cannot read properties of undefined (reading 'findMany')
    at GET (webpack-internal:///(rsc)/./src/app/api/quotes/route.ts:97:84)
    at async /home/pierr/projects/digiweb/DIGIWEB-V0/node_modules/next/dist/compiled/next-server/app-route.runtime.dev.js:6:57228
    at async eT.execute (/home/pierr/projects/digiweb/DIGIWEB-V0/node_modules/next/dist/compiled/next-server/app-route.runtime.dev.js:6:46851)
    at async eT.handle (/home/pierr/projects/digiweb/DIGIWEB-V0/node_modules/next/dist/compiled/next-server/app-route.runtime.dev.js:6:58760)
    at async doRender (/home/pierr/projects/digiweb/DIGIWEB-V0/node_modules/next/dist/server/base-server.js:1366:42)
    at async cacheEntry.responseCache.get.routeKind (/home/pierr/projects/digiweb/DIGIWEB-V0/node_modules/next/dist/server/base-server.js:1588:28)
    at async DevServer.renderToResponseWithComponentsImpl (/home/pierr/projects/digiweb/DIGIWEB-V0/node_modules/next/dist/server/base-server.js:1496:28)
    at async DevServer.renderPageComponent (/home/pierr/projects/digiweb/DIGIWEB-V0/node_modules/next/dist/server/base-server.js:1924:24)
    at async DevServer.renderToResponseImpl (/home/pierr/projects/digiweb/DIGIWEB-V0/node_modules/next/dist/server/base-server.js:1962:32)
    at async DevServer.pipeImpl (/home/pierr/projects/digiweb/DIGIWEB-V0/node_modules/next/dist/server/base-server.js:922:25)
    at async NextNodeServer.handleCatchallRenderRequest (/home/pierr/projects/digiweb/DIGIWEB-V0/node_modules/next/dist/server/next-server.js:272:17)
    at async DevServer.handleRequestImpl (/home/pierr/projects/digiweb/DIGIWEB-V0/node_modules/next/dist/server/base-server.js:818:17)
    at async /home/pierr/projects/digiweb/DIGIWEB-V0/node_modules/next/dist/server/dev/next-dev-server.js:339:20
    at async Span.traceAsyncFn (/home/pierr/projects/digiweb/DIGIWEB-V0/node_modules/next/dist/trace/trace.js:154:20)
    at async DevServer.handleRequest (/home/pierr/projects/digiweb/DIGIWEB-V0/node_modules/next/dist/server/dev/next-dev-server.js:336:24)
    at async invokeRender (/home/pierr/projects/digiweb/DIGIWEB-V0/node_modules/next/dist/server/lib/router-server.js:179:21)
    at async handleRequest (/home/pierr/projects/digiweb/DIGIWEB-V0/node_modules/next/dist/server/lib/router-server.js:359:24)
    at async requestHandlerImpl (/home/pierr/projects/digiweb/DIGIWEB-V0/node_modules/next/dist/server/lib/router-server.js:383:13)
    at async Server.requestListener (/home/pierr/projects/digiweb/DIGIWEB-V0/node_modules/next/dist/server/lib/start-server.js:141:13)
 GET /api/quotes 500 in 66ms
prisma:query SELECT 1
prisma:query SELECT `digibe_app_prod`.`contacts`.`id`, `digibe_app_prod`.`contacts`.`firstName`, `digibe_app_prod`.`contacts`.`lastName`, `digibe_app_prod`.`contacts`.`email`, `digibe_app_prod`.`contacts`.`phone`, `digibe_app_prod`.`contacts`.`position`, `digibe_app_prod`.`contacts`.`companyId`, `digibe_app_prod`.`contacts`.`siret`, `digibe_app_prod`.`contacts`.`gerant`, `digibe_app_prod`.`contacts`.`status`, `digibe_app_prod`.`contacts`.`qualityScore`, `digibe_app_prod`.`contacts`.`assignedToId`, `digibe_app_prod`.`contacts`.`address`, `digibe_app_prod`.`contacts`.`city`, `digibe_app_prod`.`contacts`.`postalCode`, `digibe_app_prod`.`contacts`.`country`, `digibe_app_prod`.`contacts`.`source`, `digibe_app_prod`.`contacts`.`createdAt`, `digibe_app_prod`.`contacts`.`updatedAt` FROM `digibe_app_prod`.`contacts` WHERE 1=1 ORDER BY `digibe_app_prod`.`contacts`.`qualityScore` DESC, `digibe_app_prod`.`contacts`.`createdAt` DESC
prisma:query SELECT `digibe_app_prod`.`companies`.`id`, `digibe_app_prod`.`companies`.`name`, `digibe_app_prod`.`companies`.`siret` FROM `digibe_app_prod`.`companies` WHERE `digibe_app_prod`.`companies`.`id` IN (?,?)
prisma:query SELECT `digibe_app_prod`.`users`.`id`, `digibe_app_prod`.`users`.`firstName`, `digibe_app_prod`.`users`.`lastName`, `digibe_app_prod`.`users`.`email` FROM `digibe_app_prod`.`users` WHERE `digibe_app_prod`.`users`.`id` IN (?)
prisma:query SELECT COUNT(*) AS `_count$_all` FROM (SELECT `digibe_app_prod`.`contacts`.`id` FROM `digibe_app_prod`.`contacts` WHERE 1=1) AS `sub`
prisma:query SELECT COUNT(*) AS `_count$_all` FROM (SELECT `digibe_app_prod`.`contacts`.`id` FROM `digibe_app_prod`.`contacts` WHERE `digibe_app_prod`.`contacts`.`status` IN (?,?)) AS `sub`
prisma:query SELECT COUNT(*) AS `_count$_all` FROM (SELECT `digibe_app_prod`.`contacts`.`id` FROM `digibe_app_prod`.`contacts` WHERE `digibe_app_prod`.`contacts`.`status` = ?) AS `sub`
 GET /api/contacts 200 in 237ms
Error fetching notifications: TypeError: Cannot read properties of undefined (reading 'findMany')
    at GET (webpack-internal:///(rsc)/./src/app/api/notifications/route.ts:35:98)
    at async /home/pierr/projects/digiweb/DIGIWEB-V0/node_modules/next/dist/compiled/next-server/app-route.runtime.dev.js:6:57228
    at async eT.execute (/home/pierr/projects/digiweb/DIGIWEB-V0/node_modules/next/dist/compiled/next-server/app-route.runtime.dev.js:6:46851)
    at async eT.handle (/home/pierr/projects/digiweb/DIGIWEB-V0/node_modules/next/dist/compiled/next-server/app-route.runtime.dev.js:6:58760)
    at async doRender (/home/pierr/projects/digiweb/DIGIWEB-V0/node_modules/next/dist/server/base-server.js:1366:42)
    at async cacheEntry.responseCache.get.routeKind (/home/pierr/projects/digiweb/DIGIWEB-V0/node_modules/next/dist/server/base-server.js:1588:28)
    at async DevServer.renderToResponseWithComponentsImpl (/home/pierr/projects/digiweb/DIGIWEB-V0/node_modules/next/dist/server/base-server.js:1496:28)
    at async DevServer.renderPageComponent (/home/pierr/projects/digiweb/DIGIWEB-V0/node_modules/next/dist/server/base-server.js:1924:24)
    at async DevServer.renderToResponseImpl (/home/pierr/projects/digiweb/DIGIWEB-V0/node_modules/next/dist/server/base-server.js:1962:32)
    at async DevServer.pipeImpl (/home/pierr/projects/digiweb/DIGIWEB-V0/node_modules/next/dist/server/base-server.js:922:25)
    at async NextNodeServer.handleCatchallRenderRequest (/home/pierr/projects/digiweb/DIGIWEB-V0/node_modules/next/dist/server/next-server.js:272:17)
    at async DevServer.handleRequestImpl (/home/pierr/projects/digiweb/DIGIWEB-V0/node_modules/next/dist/server/base-server.js:818:17)
    at async /home/pierr/projects/digiweb/DIGIWEB-V0/node_modules/next/dist/server/dev/next-dev-server.js:339:20
    at async Span.traceAsyncFn (/home/pierr/projects/digiweb/DIGIWEB-V0/node_modules/next/dist/trace/trace.js:154:20)
    at async DevServer.handleRequest (/home/pierr/projects/digiweb/DIGIWEB-V0/node_modules/next/dist/server/dev/next-dev-server.js:336:24)
    at async invokeRender (/home/pierr/projects/digiweb/DIGIWEB-V0/node_modules/next/dist/server/lib/router-server.js:179:21)
    at async handleRequest (/home/pierr/projects/digiweb/DIGIWEB-V0/node_modules/next/dist/server/lib/router-server.js:359:24)
    at async requestHandlerImpl (/home/pierr/projects/digiweb/DIGIWEB-V0/node_modules/next/dist/server/lib/router-server.js:383:13)
    at async Server.requestListener (/home/pierr/projects/digiweb/DIGIWEB-V0/node_modules/next/dist/server/lib/start-server.js:141:13)
 GET /api/notifications?unreadOnly=false 500 in 22ms
Error fetching notifications: TypeError: Cannot read properties of undefined (reading 'findMany')
    at GET (webpack-internal:///(rsc)/./src/app/api/notifications/route.ts:35:98)
    at async /home/pierr/projects/digiweb/DIGIWEB-V0/node_modules/next/dist/compiled/next-server/app-route.runtime.dev.js:6:57228
    at async eT.execute (/home/pierr/projects/digiweb/DIGIWEB-V0/node_modules/next/dist/compiled/next-server/app-route.runtime.dev.js:6:46851)
    at async eT.handle (/home/pierr/projects/digiweb/DIGIWEB-V0/node_modules/next/dist/compiled/next-server/app-route.runtime.dev.js:6:58760)
    at async doRender (/home/pierr/projects/digiweb/DIGIWEB-V0/node_modules/next/dist/server/base-server.js:1366:42)
    at async cacheEntry.responseCache.get.routeKind (/home/pierr/projects/digiweb/DIGIWEB-V0/node_modules/next/dist/server/base-server.js:1588:28)
    at async DevServer.renderToResponseWithComponentsImpl (/home/pierr/projects/digiweb/DIGIWEB-V0/node_modules/next/dist/server/base-server.js:1496:28)
    at async DevServer.renderPageComponent (/home/pierr/projects/digiweb/DIGIWEB-V0/node_modules/next/dist/server/base-server.js:1924:24)
    at async DevServer.renderToResponseImpl (/home/pierr/projects/digiweb/DIGIWEB-V0/node_modules/next/dist/server/base-server.js:1962:32)
    at async DevServer.pipeImpl (/home/pierr/projects/digiweb/DIGIWEB-V0/node_modules/next/dist/server/base-server.js:922:25)
    at async NextNodeServer.handleCatchallRenderRequest (/home/pierr/projects/digiweb/DIGIWEB-V0/node_modules/next/dist/server/next-server.js:272:17)
    at async DevServer.handleRequestImpl (/home/pierr/projects/digiweb/DIGIWEB-V0/node_modules/next/dist/server/base-server.js:818:17)
    at async /home/pierr/projects/digiweb/DIGIWEB-V0/node_modules/next/dist/server/dev/next-dev-server.js:339:20
    at async Span.traceAsyncFn (/home/pierr/projects/digiweb/DIGIWEB-V0/node_modules/next/dist/trace/trace.js:154:20)
    at async DevServer.handleRequest (/home/pierr/projects/digiweb/DIGIWEB-V0/node_modules/next/dist/server/dev/next-dev-server.js:336:24)
    at async invokeRender (/home/pierr/projects/digiweb/DIGIWEB-V0/node_modules/next/dist/server/lib/router-server.js:179:21)
    at async handleRequest (/home/pierr/projects/digiweb/DIGIWEB-V0/node_modules/next/dist/server/lib/router-server.js:359:24)
    at async requestHandlerImpl (/home/pierr/projects/digiweb/DIGIWEB-V0/node_modules/next/dist/server/lib/router-server.js:383:13)
    at async Server.requestListener (/home/pierr/projects/digiweb/DIGIWEB-V0/node_modules/next/dist/server/lib/start-server.js:141:13)
 GET /api/notifications?unreadOnly=false 500 in 100ms
Erreur GET /api/quotes: TypeError: Cannot read properties of undefined (reading 'findMany')
    at GET (webpack-internal:///(rsc)/./src/app/api/quotes/route.ts:97:84)
    at async /home/pierr/projects/digiweb/DIGIWEB-V0/node_modules/next/dist/compiled/next-server/app-route.runtime.dev.js:6:57228
    at async eT.execute (/home/pierr/projects/digiweb/DIGIWEB-V0/node_modules/next/dist/compiled/next-server/app-route.runtime.dev.js:6:46851)
    at async eT.handle (/home/pierr/projects/digiweb/DIGIWEB-V0/node_modules/next/dist/compiled/next-server/app-route.runtime.dev.js:6:58760)
    at async doRender (/home/pierr/projects/digiweb/DIGIWEB-V0/node_modules/next/dist/server/base-server.js:1366:42)
    at async cacheEntry.responseCache.get.routeKind (/home/pierr/projects/digiweb/DIGIWEB-V0/node_modules/next/dist/server/base-server.js:1588:28)
    at async DevServer.renderToResponseWithComponentsImpl (/home/pierr/projects/digiweb/DIGIWEB-V0/node_modules/next/dist/server/base-server.js:1496:28)
    at async DevServer.renderPageComponent (/home/pierr/projects/digiweb/DIGIWEB-V0/node_modules/next/dist/server/base-server.js:1924:24)
    at async DevServer.renderToResponseImpl (/home/pierr/projects/digiweb/DIGIWEB-V0/node_modules/next/dist/server/base-server.js:1962:32)
    at async DevServer.pipeImpl (/home/pierr/projects/digiweb/DIGIWEB-V0/node_modules/next/dist/server/base-server.js:922:25)
    at async NextNodeServer.handleCatchallRenderRequest (/home/pierr/projects/digiweb/DIGIWEB-V0/node_modules/next/dist/server/next-server.js:272:17)
    at async DevServer.handleRequestImpl (/home/pierr/projects/digiweb/DIGIWEB-V0/node_modules/next/dist/server/base-server.js:818:17)
    at async /home/pierr/projects/digiweb/DIGIWEB-V0/node_modules/next/dist/server/dev/next-dev-server.js:339:20
    at async Span.traceAsyncFn (/home/pierr/projects/digiweb/DIGIWEB-V0/node_modules/next/dist/trace/trace.js:154:20)
    at async DevServer.handleRequest (/home/pierr/projects/digiweb/DIGIWEB-V0/node_modules/next/dist/server/dev/next-dev-server.js:336:24)
    at async invokeRender (/home/pierr/projects/digiweb/DIGIWEB-V0/node_modules/next/dist/server/lib/router-server.js:179:21)
    at async handleRequest (/home/pierr/projects/digiweb/DIGIWEB-V0/node_modules/next/dist/server/lib/router-server.js:359:24)
    at async requestHandlerImpl (/home/pierr/projects/digiweb/DIGIWEB-V0/node_modules/next/dist/server/lib/router-server.js:383:13)
    at async Server.requestListener (/home/pierr/projects/digiweb/DIGIWEB-V0/node_modules/next/dist/server/lib/start-server.js:141:13)
 GET /api/quotes 500 in 107ms
prisma:query SELECT 1
prisma:query SELECT `digibe_app_prod`.`contacts`.`id`, `digibe_app_prod`.`contacts`.`firstName`, `digibe_app_prod`.`contacts`.`lastName`, `digibe_app_prod`.`contacts`.`email`, `digibe_app_prod`.`contacts`.`phone`, `digibe_app_prod`.`contacts`.`position`, `digibe_app_prod`.`contacts`.`companyId`, `digibe_app_prod`.`contacts`.`siret`, `digibe_app_prod`.`contacts`.`gerant`, `digibe_app_prod`.`contacts`.`status`, `digibe_app_prod`.`contacts`.`qualityScore`, `digibe_app_prod`.`contacts`.`assignedToId`, `digibe_app_prod`.`contacts`.`address`, `digibe_app_prod`.`contacts`.`city`, `digibe_app_prod`.`contacts`.`postalCode`, `digibe_app_prod`.`contacts`.`country`, `digibe_app_prod`.`contacts`.`source`, `digibe_app_prod`.`contacts`.`createdAt`, `digibe_app_prod`.`contacts`.`updatedAt` FROM `digibe_app_prod`.`contacts` WHERE 1=1 ORDER BY `digibe_app_prod`.`contacts`.`qualityScore` DESC, `digibe_app_prod`.`contacts`.`createdAt` DESC
prisma:query SELECT `digibe_app_prod`.`companies`.`id`, `digibe_app_prod`.`companies`.`name`, `digibe_app_prod`.`companies`.`siret` FROM `digibe_app_prod`.`companies` WHERE `digibe_app_prod`.`companies`.`id` IN (?,?)
prisma:query SELECT `digibe_app_prod`.`users`.`id`, `digibe_app_prod`.`users`.`firstName`, `digibe_app_prod`.`users`.`lastName`, `digibe_app_prod`.`users`.`email` FROM `digibe_app_prod`.`users` WHERE `digibe_app_prod`.`users`.`id` IN (?)
prisma:query SELECT COUNT(*) AS `_count$_all` FROM (SELECT `digibe_app_prod`.`contacts`.`id` FROM `digibe_app_prod`.`contacts` WHERE 1=1) AS `sub`
prisma:query SELECT COUNT(*) AS `_count$_all` FROM (SELECT `digibe_app_prod`.`contacts`.`id` FROM `digibe_app_prod`.`contacts` WHERE `digibe_app_prod`.`contacts`.`status` IN (?,?)) AS `sub`
prisma:query SELECT COUNT(*) AS `_count$_all` FROM (SELECT `digibe_app_prod`.`contacts`.`id` FROM `digibe_app_prod`.`contacts` WHERE `digibe_app_prod`.`contacts`.`status` = ?) AS `sub`
 GET /api/contacts 200 in 267ms
Error fetching notifications: TypeError: Cannot read properties of undefined (reading 'findMany')
    at GET (webpack-internal:///(rsc)/./src/app/api/notifications/route.ts:35:98)
    at async /home/pierr/projects/digiweb/DIGIWEB-V0/node_modules/next/dist/compiled/next-server/app-route.runtime.dev.js:6:57228
    at async eT.execute (/home/pierr/projects/digiweb/DIGIWEB-V0/node_modules/next/dist/compiled/next-server/app-route.runtime.dev.js:6:46851)
    at async eT.handle (/home/pierr/projects/digiweb/DIGIWEB-V0/node_modules/next/dist/compiled/next-server/app-route.runtime.dev.js:6:58760)
    at async doRender (/home/pierr/projects/digiweb/DIGIWEB-V0/node_modules/next/dist/server/base-server.js:1366:42)
    at async cacheEntry.responseCache.get.routeKind (/home/pierr/projects/digiweb/DIGIWEB-V0/node_modules/next/dist/server/base-server.js:1588:28)
    at async DevServer.renderToResponseWithComponentsImpl (/home/pierr/projects/digiweb/DIGIWEB-V0/node_modules/next/dist/server/base-server.js:1496:28)
    at async DevServer.renderPageComponent (/home/pierr/projects/digiweb/DIGIWEB-V0/node_modules/next/dist/server/base-server.js:1924:24)
    at async DevServer.renderToResponseImpl (/home/pierr/projects/digiweb/DIGIWEB-V0/node_modules/next/dist/server/base-server.js:1962:32)
    at async DevServer.pipeImpl (/home/pierr/projects/digiweb/DIGIWEB-V0/node_modules/next/dist/server/base-server.js:922:25)
    at async NextNodeServer.handleCatchallRenderRequest (/home/pierr/projects/digiweb/DIGIWEB-V0/node_modules/next/dist/server/next-server.js:272:17)
    at async DevServer.handleRequestImpl (/home/pierr/projects/digiweb/DIGIWEB-V0/node_modules/next/dist/server/base-server.js:818:17)
    at async /home/pierr/projects/digiweb/DIGIWEB-V0/node_modules/next/dist/server/dev/next-dev-server.js:339:20
    at async Span.traceAsyncFn (/home/pierr/projects/digiweb/DIGIWEB-V0/node_modules/next/dist/trace/trace.js:154:20)
    at async DevServer.handleRequest (/home/pierr/projects/digiweb/DIGIWEB-V0/node_modules/next/dist/server/dev/next-dev-server.js:336:24)
    at async invokeRender (/home/pierr/projects/digiweb/DIGIWEB-V0/node_modules/next/dist/server/lib/router-server.js:179:21)
    at async handleRequest (/home/pierr/projects/digiweb/DIGIWEB-V0/node_modules/next/dist/server/lib/router-server.js:359:24)
    at async requestHandlerImpl (/home/pierr/projects/digiweb/DIGIWEB-V0/node_modules/next/dist/server/lib/router-server.js:383:13)
    at async Server.requestListener (/home/pierr/projects/digiweb/DIGIWEB-V0/node_modules/next/dist/server/lib/start-server.js:141:13)
 GET /api/notifications?unreadOnly=false 500 in 28ms
Error fetching notifications: TypeError: Cannot read properties of undefined (reading 'findMany')
    at GET (webpack-internal:///(rsc)/./src/app/api/notifications/route.ts:35:98)
    at async /home/pierr/projects/digiweb/DIGIWEB-V0/node_modules/next/dist/compiled/next-server/app-route.runtime.dev.js:6:57228
    at async eT.execute (/home/pierr/projects/digiweb/DIGIWEB-V0/node_modules/next/dist/compiled/next-server/app-route.runtime.dev.js:6:46851)
    at async eT.handle (/home/pierr/projects/digiweb/DIGIWEB-V0/node_modules/next/dist/compiled/next-server/app-route.runtime.dev.js:6:58760)
    at async doRender (/home/pierr/projects/digiweb/DIGIWEB-V0/node_modules/next/dist/server/base-server.js:1366:42)
    at async cacheEntry.responseCache.get.routeKind (/home/pierr/projects/digiweb/DIGIWEB-V0/node_modules/next/dist/server/base-server.js:1588:28)
    at async DevServer.renderToResponseWithComponentsImpl (/home/pierr/projects/digiweb/DIGIWEB-V0/node_modules/next/dist/server/base-server.js:1496:28)
    at async DevServer.renderPageComponent (/home/pierr/projects/digiweb/DIGIWEB-V0/node_modules/next/dist/server/base-server.js:1924:24)
    at async DevServer.renderToResponseImpl (/home/pierr/projects/digiweb/DIGIWEB-V0/node_modules/next/dist/server/base-server.js:1962:32)
    at async DevServer.pipeImpl (/home/pierr/projects/digiweb/DIGIWEB-V0/node_modules/next/dist/server/base-server.js:922:25)
    at async NextNodeServer.handleCatchallRenderRequest (/home/pierr/projects/digiweb/DIGIWEB-V0/node_modules/next/dist/server/next-server.js:272:17)
    at async DevServer.handleRequestImpl (/home/pierr/projects/digiweb/DIGIWEB-V0/node_modules/next/dist/server/base-server.js:818:17)
    at async /home/pierr/projects/digiweb/DIGIWEB-V0/node_modules/next/dist/server/dev/next-dev-server.js:339:20
    at async Span.traceAsyncFn (/home/pierr/projects/digiweb/DIGIWEB-V0/node_modules/next/dist/trace/trace.js:154:20)
    at async DevServer.handleRequest (/home/pierr/projects/digiweb/DIGIWEB-V0/node_modules/next/dist/server/dev/next-dev-server.js:336:24)
    at async invokeRender (/home/pierr/projects/digiweb/DIGIWEB-V0/node_modules/next/dist/server/lib/router-server.js:179:21)
    at async handleRequest (/home/pierr/projects/digiweb/DIGIWEB-V0/node_modules/next/dist/server/lib/router-server.js:359:24)
    at async requestHandlerImpl (/home/pierr/projects/digiweb/DIGIWEB-V0/node_modules/next/dist/server/lib/router-server.js:383:13)
    at async Server.requestListener (/home/pierr/projects/digiweb/DIGIWEB-V0/node_modules/next/dist/server/lib/start-server.js:141:13)
 GET /api/notifications?unreadOnly=false 500 in 74ms
Error fetching notifications: TypeError: Cannot read properties of undefined (reading 'findMany')
    at GET (webpack-internal:///(rsc)/./src/app/api/notifications/route.ts:35:98)
    at async /home/pierr/projects/digiweb/DIGIWEB-V0/node_modules/next/dist/compiled/next-server/app-route.runtime.dev.js:6:57228
    at async eT.execute (/home/pierr/projects/digiweb/DIGIWEB-V0/node_modules/next/dist/compiled/next-server/app-route.runtime.dev.js:6:46851)
    at async eT.handle (/home/pierr/projects/digiweb/DIGIWEB-V0/node_modules/next/dist/compiled/next-server/app-route.runtime.dev.js:6:58760)
    at async doRender (/home/pierr/projects/digiweb/DIGIWEB-V0/node_modules/next/dist/server/base-server.js:1366:42)
    at async cacheEntry.responseCache.get.routeKind (/home/pierr/projects/digiweb/DIGIWEB-V0/node_modules/next/dist/server/base-server.js:1588:28)
    at async DevServer.renderToResponseWithComponentsImpl (/home/pierr/projects/digiweb/DIGIWEB-V0/node_modules/next/dist/server/base-server.js:1496:28)
    at async DevServer.renderPageComponent (/home/pierr/projects/digiweb/DIGIWEB-V0/node_modules/next/dist/server/base-server.js:1924:24)
    at async DevServer.renderToResponseImpl (/home/pierr/projects/digiweb/DIGIWEB-V0/node_modules/next/dist/server/base-server.js:1962:32)
    at async DevServer.pipeImpl (/home/pierr/projects/digiweb/DIGIWEB-V0/node_modules/next/dist/server/base-server.js:922:25)
    at async NextNodeServer.handleCatchallRenderRequest (/home/pierr/projects/digiweb/DIGIWEB-V0/node_modules/next/dist/server/next-server.js:272:17)
    at async DevServer.handleRequestImpl (/home/pierr/projects/digiweb/DIGIWEB-V0/node_modules/next/dist/server/base-server.js:818:17)
    at async /home/pierr/projects/digiweb/DIGIWEB-V0/node_modules/next/dist/server/dev/next-dev-server.js:339:20
    at async Span.traceAsyncFn (/home/pierr/projects/digiweb/DIGIWEB-V0/node_modules/next/dist/trace/trace.js:154:20)
    at async DevServer.handleRequest (/home/pierr/projects/digiweb/DIGIWEB-V0/node_modules/next/dist/server/dev/next-dev-server.js:336:24)
    at async invokeRender (/home/pierr/projects/digiweb/DIGIWEB-V0/node_modules/next/dist/server/lib/router-server.js:179:21)
    at async handleRequest (/home/pierr/projects/digiweb/DIGIWEB-V0/node_modules/next/dist/server/lib/router-server.js:359:24)
    at async requestHandlerImpl (/home/pierr/projects/digiweb/DIGIWEB-V0/node_modules/next/dist/server/lib/router-server.js:383:13)
    at async Server.requestListener (/home/pierr/projects/digiweb/DIGIWEB-V0/node_modules/next/dist/server/lib/start-server.js:141:13)
 GET /api/notifications?unreadOnly=false 500 in 73ms
Error fetching notifications: TypeError: Cannot read properties of undefined (reading 'findMany')
    at GET (webpack-internal:///(rsc)/./src/app/api/notifications/route.ts:35:98)
    at async /home/pierr/projects/digiweb/DIGIWEB-V0/node_modules/next/dist/compiled/next-server/app-route.runtime.dev.js:6:57228
    at async eT.execute (/home/pierr/projects/digiweb/DIGIWEB-V0/node_modules/next/dist/compiled/next-server/app-route.runtime.dev.js:6:46851)
    at async eT.handle (/home/pierr/projects/digiweb/DIGIWEB-V0/node_modules/next/dist/compiled/next-server/app-route.runtime.dev.js:6:58760)
    at async doRender (/home/pierr/projects/digiweb/DIGIWEB-V0/node_modules/next/dist/server/base-server.js:1366:42)
    at async cacheEntry.responseCache.get.routeKind (/home/pierr/projects/digiweb/DIGIWEB-V0/node_modules/next/dist/server/base-server.js:1588:28)
    at async DevServer.renderToResponseWithComponentsImpl (/home/pierr/projects/digiweb/DIGIWEB-V0/node_modules/next/dist/server/base-server.js:1496:28)
    at async DevServer.renderPageComponent (/home/pierr/projects/digiweb/DIGIWEB-V0/node_modules/next/dist/server/base-server.js:1924:24)
    at async DevServer.renderToResponseImpl (/home/pierr/projects/digiweb/DIGIWEB-V0/node_modules/next/dist/server/base-server.js:1962:32)
    at async DevServer.pipeImpl (/home/pierr/projects/digiweb/DIGIWEB-V0/node_modules/next/dist/server/base-server.js:922:25)
    at async NextNodeServer.handleCatchallRenderRequest (/home/pierr/projects/digiweb/DIGIWEB-V0/node_modules/next/dist/server/next-server.js:272:17)
    at async DevServer.handleRequestImpl (/home/pierr/projects/digiweb/DIGIWEB-V0/node_modules/next/dist/server/base-server.js:818:17)
    at async /home/pierr/projects/digiweb/DIGIWEB-V0/node_modules/next/dist/server/dev/next-dev-server.js:339:20
    at async Span.traceAsyncFn (/home/pierr/projects/digiweb/DIGIWEB-V0/node_modules/next/dist/trace/trace.js:154:20)
    at async DevServer.handleRequest (/home/pierr/projects/digiweb/DIGIWEB-V0/node_modules/next/dist/server/dev/next-dev-server.js:336:24)
    at async invokeRender (/home/pierr/projects/digiweb/DIGIWEB-V0/node_modules/next/dist/server/lib/router-server.js:179:21)
    at async handleRequest (/home/pierr/projects/digiweb/DIGIWEB-V0/node_modules/next/dist/server/lib/router-server.js:359:24)
    at async requestHandlerImpl (/home/pierr/projects/digiweb/DIGIWEB-V0/node_modules/next/dist/server/lib/router-server.js:383:13)
    at async Server.requestListener (/home/pierr/projects/digiweb/DIGIWEB-V0/node_modules/next/dist/server/lib/start-server.js:141:13)
 GET /api/notifications?unreadOnly=false 500 in 85ms
Error fetching notifications: TypeError: Cannot read properties of undefined (reading 'findMany')
    at GET (webpack-internal:///(rsc)/./src/app/api/notifications/route.ts:35:98)
    at async /home/pierr/projects/digiweb/DIGIWEB-V0/node_modules/next/dist/compiled/next-server/app-route.runtime.dev.js:6:57228
    at async eT.execute (/home/pierr/projects/digiweb/DIGIWEB-V0/node_modules/next/dist/compiled/next-server/app-route.runtime.dev.js:6:46851)
    at async eT.handle (/home/pierr/projects/digiweb/DIGIWEB-V0/node_modules/next/dist/compiled/next-server/app-route.runtime.dev.js:6:58760)
    at async doRender (/home/pierr/projects/digiweb/DIGIWEB-V0/node_modules/next/dist/server/base-server.js:1366:42)
    at async cacheEntry.responseCache.get.routeKind (/home/pierr/projects/digiweb/DIGIWEB-V0/node_modules/next/dist/server/base-server.js:1588:28)
    at async DevServer.renderToResponseWithComponentsImpl (/home/pierr/projects/digiweb/DIGIWEB-V0/node_modules/next/dist/server/base-server.js:1496:28)
    at async DevServer.renderPageComponent (/home/pierr/projects/digiweb/DIGIWEB-V0/node_modules/next/dist/server/base-server.js:1924:24)
    at async DevServer.renderToResponseImpl (/home/pierr/projects/digiweb/DIGIWEB-V0/node_modules/next/dist/server/base-server.js:1962:32)
    at async DevServer.pipeImpl (/home/pierr/projects/digiweb/DIGIWEB-V0/node_modules/next/dist/server/base-server.js:922:25)
    at async NextNodeServer.handleCatchallRenderRequest (/home/pierr/projects/digiweb/DIGIWEB-V0/node_modules/next/dist/server/next-server.js:272:17)
    at async DevServer.handleRequestImpl (/home/pierr/projects/digiweb/DIGIWEB-V0/node_modules/next/dist/server/base-server.js:818:17)
    at async /home/pierr/projects/digiweb/DIGIWEB-V0/node_modules/next/dist/server/dev/next-dev-server.js:339:20
    at async Span.traceAsyncFn (/home/pierr/projects/digiweb/DIGIWEB-V0/node_modules/next/dist/trace/trace.js:154:20)
    at async DevServer.handleRequest (/home/pierr/projects/digiweb/DIGIWEB-V0/node_modules/next/dist/server/dev/next-dev-server.js:336:24)
    at async invokeRender (/home/pierr/projects/digiweb/DIGIWEB-V0/node_modules/next/dist/server/lib/router-server.js:179:21)
    at async handleRequest (/home/pierr/projects/digiweb/DIGIWEB-V0/node_modules/next/dist/server/lib/router-server.js:359:24)
    at async requestHandlerImpl (/home/pierr/projects/digiweb/DIGIWEB-V0/node_modules/next/dist/server/lib/router-server.js:383:13)
    at async Server.requestListener (/home/pierr/projects/digiweb/DIGIWEB-V0/node_modules/next/dist/server/lib/start-server.js:141:13)
 GET /api/notifications?unreadOnly=false 500 in 79ms
Error fetching notifications: TypeError: Cannot read properties of undefined (reading 'findMany')
    at GET (webpack-internal:///(rsc)/./src/app/api/notifications/route.ts:35:98)
    at async /home/pierr/projects/digiweb/DIGIWEB-V0/node_modules/next/dist/compiled/next-server/app-route.runtime.dev.js:6:57228
    at async eT.execute (/home/pierr/projects/digiweb/DIGIWEB-V0/node_modules/next/dist/compiled/next-server/app-route.runtime.dev.js:6:46851)
    at async eT.handle (/home/pierr/projects/digiweb/DIGIWEB-V0/node_modules/next/dist/compiled/next-server/app-route.runtime.dev.js:6:58760)
    at async doRender (/home/pierr/projects/digiweb/DIGIWEB-V0/node_modules/next/dist/server/base-server.js:1366:42)
    at async cacheEntry.responseCache.get.routeKind (/home/pierr/projects/digiweb/DIGIWEB-V0/node_modules/next/dist/server/base-server.js:1588:28)
    at async DevServer.renderToResponseWithComponentsImpl (/home/pierr/projects/digiweb/DIGIWEB-V0/node_modules/next/dist/server/base-server.js:1496:28)
    at async DevServer.renderPageComponent (/home/pierr/projects/digiweb/DIGIWEB-V0/node_modules/next/dist/server/base-server.js:1924:24)
    at async DevServer.renderToResponseImpl (/home/pierr/projects/digiweb/DIGIWEB-V0/node_modules/next/dist/server/base-server.js:1962:32)
    at async DevServer.pipeImpl (/home/pierr/projects/digiweb/DIGIWEB-V0/node_modules/next/dist/server/base-server.js:922:25)
    at async NextNodeServer.handleCatchallRenderRequest (/home/pierr/projects/digiweb/DIGIWEB-V0/node_modules/next/dist/server/next-server.js:272:17)
    at async DevServer.handleRequestImpl (/home/pierr/projects/digiweb/DIGIWEB-V0/node_modules/next/dist/server/base-server.js:818:17)
    at async /home/pierr/projects/digiweb/DIGIWEB-V0/node_modules/next/dist/server/dev/next-dev-server.js:339:20
    at async Span.traceAsyncFn (/home/pierr/projects/digiweb/DIGIWEB-V0/node_modules/next/dist/trace/trace.js:154:20)
    at async DevServer.handleRequest (/home/pierr/projects/digiweb/DIGIWEB-V0/node_modules/next/dist/server/dev/next-dev-server.js:336:24)
    at async invokeRender (/home/pierr/projects/digiweb/DIGIWEB-V0/node_modules/next/dist/server/lib/router-server.js:179:21)
    at async handleRequest (/home/pierr/projects/digiweb/DIGIWEB-V0/node_modules/next/dist/server/lib/router-server.js:359:24)
    at async requestHandlerImpl (/home/pierr/projects/digiweb/DIGIWEB-V0/node_modules/next/dist/server/lib/router-server.js:383:13)
    at async Server.requestListener (/home/pierr/projects/digiweb/DIGIWEB-V0/node_modules/next/dist/server/lib/start-server.js:141:13)
 GET /api/notifications?unreadOnly=false 500 in 24ms
Error fetching notifications: TypeError: Cannot read properties of undefined (reading 'findMany')
    at GET (webpack-internal:///(rsc)/./src/app/api/notifications/route.ts:35:98)
    at async /home/pierr/projects/digiweb/DIGIWEB-V0/node_modules/next/dist/compiled/next-server/app-route.runtime.dev.js:6:57228
    at async eT.execute (/home/pierr/projects/digiweb/DIGIWEB-V0/node_modules/next/dist/compiled/next-server/app-route.runtime.dev.js:6:46851)
    at async eT.handle (/home/pierr/projects/digiweb/DIGIWEB-V0/node_modules/next/dist/compiled/next-server/app-route.runtime.dev.js:6:58760)
    at async doRender (/home/pierr/projects/digiweb/DIGIWEB-V0/node_modules/next/dist/server/base-server.js:1366:42)
    at async cacheEntry.responseCache.get.routeKind (/home/pierr/projects/digiweb/DIGIWEB-V0/node_modules/next/dist/server/base-server.js:1588:28)
    at async DevServer.renderToResponseWithComponentsImpl (/home/pierr/projects/digiweb/DIGIWEB-V0/node_modules/next/dist/server/base-server.js:1496:28)
    at async DevServer.renderPageComponent (/home/pierr/projects/digiweb/DIGIWEB-V0/node_modules/next/dist/server/base-server.js:1924:24)
    at async DevServer.renderToResponseImpl (/home/pierr/projects/digiweb/DIGIWEB-V0/node_modules/next/dist/server/base-server.js:1962:32)
    at async DevServer.pipeImpl (/home/pierr/projects/digiweb/DIGIWEB-V0/node_modules/next/dist/server/base-server.js:922:25)
    at async NextNodeServer.handleCatchallRenderRequest (/home/pierr/projects/digiweb/DIGIWEB-V0/node_modules/next/dist/server/next-server.js:272:17)
    at async DevServer.handleRequestImpl (/home/pierr/projects/digiweb/DIGIWEB-V0/node_modules/next/dist/server/base-server.js:818:17)
    at async /home/pierr/projects/digiweb/DIGIWEB-V0/node_modules/next/dist/server/dev/next-dev-server.js:339:20
    at async Span.traceAsyncFn (/home/pierr/projects/digiweb/DIGIWEB-V0/node_modules/next/dist/trace/trace.js:154:20)
    at async DevServer.handleRequest (/home/pierr/projects/digiweb/DIGIWEB-V0/node_modules/next/dist/server/dev/next-dev-server.js:336:24)
    at async invokeRender (/home/pierr/projects/digiweb/DIGIWEB-V0/node_modules/next/dist/server/lib/router-server.js:179:21)
    at async handleRequest (/home/pierr/projects/digiweb/DIGIWEB-V0/node_modules/next/dist/server/lib/router-server.js:359:24)
    at async requestHandlerImpl (/home/pierr/projects/digiweb/DIGIWEB-V0/node_modules/next/dist/server/lib/router-server.js:383:13)
    at async Server.requestListener (/home/pierr/projects/digiweb/DIGIWEB-V0/node_modules/next/dist/server/lib/start-server.js:141:13)
 GET /api/notifications?unreadOnly=false 500 in 35ms
Erreur GET /api/quotes: TypeError: Cannot read properties of undefined (reading 'findMany')
    at GET (webpack-internal:///(rsc)/./src/app/api/quotes/route.ts:97:84)
    at async /home/pierr/projects/digiweb/DIGIWEB-V0/node_modules/next/dist/compiled/next-server/app-route.runtime.dev.js:6:57228
    at async eT.execute (/home/pierr/projects/digiweb/DIGIWEB-V0/node_modules/next/dist/compiled/next-server/app-route.runtime.dev.js:6:46851)
    at async eT.handle (/home/pierr/projects/digiweb/DIGIWEB-V0/node_modules/next/dist/compiled/next-server/app-route.runtime.dev.js:6:58760)
    at async doRender (/home/pierr/projects/digiweb/DIGIWEB-V0/node_modules/next/dist/server/base-server.js:1366:42)
    at async cacheEntry.responseCache.get.routeKind (/home/pierr/projects/digiweb/DIGIWEB-V0/node_modules/next/dist/server/base-server.js:1588:28)
    at async DevServer.renderToResponseWithComponentsImpl (/home/pierr/projects/digiweb/DIGIWEB-V0/node_modules/next/dist/server/base-server.js:1496:28)
    at async DevServer.renderPageComponent (/home/pierr/projects/digiweb/DIGIWEB-V0/node_modules/next/dist/server/base-server.js:1924:24)
    at async DevServer.renderToResponseImpl (/home/pierr/projects/digiweb/DIGIWEB-V0/node_modules/next/dist/server/base-server.js:1962:32)
    at async DevServer.pipeImpl (/home/pierr/projects/digiweb/DIGIWEB-V0/node_modules/next/dist/server/base-server.js:922:25)
    at async NextNodeServer.handleCatchallRenderRequest (/home/pierr/projects/digiweb/DIGIWEB-V0/node_modules/next/dist/server/next-server.js:272:17)
    at async DevServer.handleRequestImpl (/home/pierr/projects/digiweb/DIGIWEB-V0/node_modules/next/dist/server/base-server.js:818:17)
    at async /home/pierr/projects/digiweb/DIGIWEB-V0/node_modules/next/dist/server/dev/next-dev-server.js:339:20
    at async Span.traceAsyncFn (/home/pierr/projects/digiweb/DIGIWEB-V0/node_modules/next/dist/trace/trace.js:154:20)
    at async DevServer.handleRequest (/home/pierr/projects/digiweb/DIGIWEB-V0/node_modules/next/dist/server/dev/next-dev-server.js:336:24)
    at async invokeRender (/home/pierr/projects/digiweb/DIGIWEB-V0/node_modules/next/dist/server/lib/router-server.js:179:21)
    at async handleRequest (/home/pierr/projects/digiweb/DIGIWEB-V0/node_modules/next/dist/server/lib/router-server.js:359:24)
    at async requestHandlerImpl (/home/pierr/projects/digiweb/DIGIWEB-V0/node_modules/next/dist/server/lib/router-server.js:383:13)
    at async Server.requestListener (/home/pierr/projects/digiweb/DIGIWEB-V0/node_modules/next/dist/server/lib/start-server.js:141:13)
 GET /api/quotes 500 in 37ms
prisma:query SELECT 1
prisma:query SELECT `digibe_app_prod`.`contacts`.`id`, `digibe_app_prod`.`contacts`.`firstName`, `digibe_app_prod`.`contacts`.`lastName`, `digibe_app_prod`.`contacts`.`email`, `digibe_app_prod`.`contacts`.`phone`, `digibe_app_prod`.`contacts`.`position`, `digibe_app_prod`.`contacts`.`companyId`, `digibe_app_prod`.`contacts`.`siret`, `digibe_app_prod`.`contacts`.`gerant`, `digibe_app_prod`.`contacts`.`status`, `digibe_app_prod`.`contacts`.`qualityScore`, `digibe_app_prod`.`contacts`.`assignedToId`, `digibe_app_prod`.`contacts`.`address`, `digibe_app_prod`.`contacts`.`city`, `digibe_app_prod`.`contacts`.`postalCode`, `digibe_app_prod`.`contacts`.`country`, `digibe_app_prod`.`contacts`.`source`, `digibe_app_prod`.`contacts`.`createdAt`, `digibe_app_prod`.`contacts`.`updatedAt` FROM `digibe_app_prod`.`contacts` WHERE 1=1 ORDER BY `digibe_app_prod`.`contacts`.`qualityScore` DESC, `digibe_app_prod`.`contacts`.`createdAt` DESC
prisma:query SELECT `digibe_app_prod`.`companies`.`id`, `digibe_app_prod`.`companies`.`name`, `digibe_app_prod`.`companies`.`siret` FROM `digibe_app_prod`.`companies` WHERE `digibe_app_prod`.`companies`.`id` IN (?,?)
prisma:query SELECT `digibe_app_prod`.`users`.`id`, `digibe_app_prod`.`users`.`firstName`, `digibe_app_prod`.`users`.`lastName`, `digibe_app_prod`.`users`.`email` FROM `digibe_app_prod`.`users` WHERE `digibe_app_prod`.`users`.`id` IN (?)
prisma:query SELECT COUNT(*) AS `_count$_all` FROM (SELECT `digibe_app_prod`.`contacts`.`id` FROM `digibe_app_prod`.`contacts` WHERE 1=1) AS `sub`
prisma:query SELECT COUNT(*) AS `_count$_all` FROM (SELECT `digibe_app_prod`.`contacts`.`id` FROM `digibe_app_prod`.`contacts` WHERE `digibe_app_prod`.`contacts`.`status` IN (?,?)) AS `sub`
prisma:query SELECT COUNT(*) AS `_count$_all` FROM (SELECT `digibe_app_prod`.`contacts`.`id` FROM `digibe_app_prod`.`contacts` WHERE `digibe_app_prod`.`contacts`.`status` = ?) AS `sub`
 GET /api/contacts 200 in 204ms
 GET /api/auth/session 200 in 50ms
Error fetching notifications: TypeError: Cannot read properties of undefined (reading 'findMany')
    at GET (webpack-internal:///(rsc)/./src/app/api/notifications/route.ts:35:98)
    at async /home/pierr/projects/digiweb/DIGIWEB-V0/node_modules/next/dist/compiled/next-server/app-route.runtime.dev.js:6:57228
    at async eT.execute (/home/pierr/projects/digiweb/DIGIWEB-V0/node_modules/next/dist/compiled/next-server/app-route.runtime.dev.js:6:46851)
    at async eT.handle (/home/pierr/projects/digiweb/DIGIWEB-V0/node_modules/next/dist/compiled/next-server/app-route.runtime.dev.js:6:58760)
    at async doRender (/home/pierr/projects/digiweb/DIGIWEB-V0/node_modules/next/dist/server/base-server.js:1366:42)
    at async cacheEntry.responseCache.get.routeKind (/home/pierr/projects/digiweb/DIGIWEB-V0/node_modules/next/dist/server/base-server.js:1588:28)
    at async DevServer.renderToResponseWithComponentsImpl (/home/pierr/projects/digiweb/DIGIWEB-V0/node_modules/next/dist/server/base-server.js:1496:28)
    at async DevServer.renderPageComponent (/home/pierr/projects/digiweb/DIGIWEB-V0/node_modules/next/dist/server/base-server.js:1924:24)
    at async DevServer.renderToResponseImpl (/home/pierr/projects/digiweb/DIGIWEB-V0/node_modules/next/dist/server/base-server.js:1962:32)
    at async DevServer.pipeImpl (/home/pierr/projects/digiweb/DIGIWEB-V0/node_modules/next/dist/server/base-server.js:922:25)
    at async NextNodeServer.handleCatchallRenderRequest (/home/pierr/projects/digiweb/DIGIWEB-V0/node_modules/next/dist/server/next-server.js:272:17)
    at async DevServer.handleRequestImpl (/home/pierr/projects/digiweb/DIGIWEB-V0/node_modules/next/dist/server/base-server.js:818:17)
    at async /home/pierr/projects/digiweb/DIGIWEB-V0/node_modules/next/dist/server/dev/next-dev-server.js:339:20
    at async Span.traceAsyncFn (/home/pierr/projects/digiweb/DIGIWEB-V0/node_modules/next/dist/trace/trace.js:154:20)
    at async DevServer.handleRequest (/home/pierr/projects/digiweb/DIGIWEB-V0/node_modules/next/dist/server/dev/next-dev-server.js:336:24)
    at async invokeRender (/home/pierr/projects/digiweb/DIGIWEB-V0/node_modules/next/dist/server/lib/router-server.js:179:21)
    at async handleRequest (/home/pierr/projects/digiweb/DIGIWEB-V0/node_modules/next/dist/server/lib/router-server.js:359:24)
    at async requestHandlerImpl (/home/pierr/projects/digiweb/DIGIWEB-V0/node_modules/next/dist/server/lib/router-server.js:383:13)
    at async Server.requestListener (/home/pierr/projects/digiweb/DIGIWEB-V0/node_modules/next/dist/server/lib/start-server.js:141:13)
 GET /api/notifications?unreadOnly=false 500 in 57ms
Erreur GET /api/quotes: TypeError: Cannot read properties of undefined (reading 'findMany')
    at GET (webpack-internal:///(rsc)/./src/app/api/quotes/route.ts:97:84)
    at async /home/pierr/projects/digiweb/DIGIWEB-V0/node_modules/next/dist/compiled/next-server/app-route.runtime.dev.js:6:57228
    at async eT.execute (/home/pierr/projects/digiweb/DIGIWEB-V0/node_modules/next/dist/compiled/next-server/app-route.runtime.dev.js:6:46851)
    at async eT.handle (/home/pierr/projects/digiweb/DIGIWEB-V0/node_modules/next/dist/compiled/next-server/app-route.runtime.dev.js:6:58760)
    at async doRender (/home/pierr/projects/digiweb/DIGIWEB-V0/node_modules/next/dist/server/base-server.js:1366:42)
    at async cacheEntry.responseCache.get.routeKind (/home/pierr/projects/digiweb/DIGIWEB-V0/node_modules/next/dist/server/base-server.js:1588:28)
    at async DevServer.renderToResponseWithComponentsImpl (/home/pierr/projects/digiweb/DIGIWEB-V0/node_modules/next/dist/server/base-server.js:1496:28)
    at async DevServer.renderPageComponent (/home/pierr/projects/digiweb/DIGIWEB-V0/node_modules/next/dist/server/base-server.js:1924:24)
    at async DevServer.renderToResponseImpl (/home/pierr/projects/digiweb/DIGIWEB-V0/node_modules/next/dist/server/base-server.js:1962:32)
    at async DevServer.pipeImpl (/home/pierr/projects/digiweb/DIGIWEB-V0/node_modules/next/dist/server/base-server.js:922:25)
    at async NextNodeServer.handleCatchallRenderRequest (/home/pierr/projects/digiweb/DIGIWEB-V0/node_modules/next/dist/server/next-server.js:272:17)
    at async DevServer.handleRequestImpl (/home/pierr/projects/digiweb/DIGIWEB-V0/node_modules/next/dist/server/base-server.js:818:17)
    at async /home/pierr/projects/digiweb/DIGIWEB-V0/node_modules/next/dist/server/dev/next-dev-server.js:339:20
    at async Span.traceAsyncFn (/home/pierr/projects/digiweb/DIGIWEB-V0/node_modules/next/dist/trace/trace.js:154:20)
    at async DevServer.handleRequest (/home/pierr/projects/digiweb/DIGIWEB-V0/node_modules/next/dist/server/dev/next-dev-server.js:336:24)
    at async invokeRender (/home/pierr/projects/digiweb/DIGIWEB-V0/node_modules/next/dist/server/lib/router-server.js:179:21)
    at async handleRequest (/home/pierr/projects/digiweb/DIGIWEB-V0/node_modules/next/dist/server/lib/router-server.js:359:24)
    at async requestHandlerImpl (/home/pierr/projects/digiweb/DIGIWEB-V0/node_modules/next/dist/server/lib/router-server.js:383:13)
    at async Server.requestListener (/home/pierr/projects/digiweb/DIGIWEB-V0/node_modules/next/dist/server/lib/start-server.js:141:13)
 GET /api/quotes 500 in 55ms
prisma:query SELECT 1
prisma:query SELECT `digibe_app_prod`.`contacts`.`id`, `digibe_app_prod`.`contacts`.`firstName`, `digibe_app_prod`.`contacts`.`lastName`, `digibe_app_prod`.`contacts`.`email`, `digibe_app_prod`.`contacts`.`phone`, `digibe_app_prod`.`contacts`.`position`, `digibe_app_prod`.`contacts`.`companyId`, `digibe_app_prod`.`contacts`.`siret`, `digibe_app_prod`.`contacts`.`gerant`, `digibe_app_prod`.`contacts`.`status`, `digibe_app_prod`.`contacts`.`qualityScore`, `digibe_app_prod`.`contacts`.`assignedToId`, `digibe_app_prod`.`contacts`.`address`, `digibe_app_prod`.`contacts`.`city`, `digibe_app_prod`.`contacts`.`postalCode`, `digibe_app_prod`.`contacts`.`country`, `digibe_app_prod`.`contacts`.`source`, `digibe_app_prod`.`contacts`.`createdAt`, `digibe_app_prod`.`contacts`.`updatedAt` FROM `digibe_app_prod`.`contacts` WHERE 1=1 ORDER BY `digibe_app_prod`.`contacts`.`qualityScore` DESC, `digibe_app_prod`.`contacts`.`createdAt` DESC
prisma:query SELECT `digibe_app_prod`.`companies`.`id`, `digibe_app_prod`.`companies`.`name`, `digibe_app_prod`.`companies`.`siret` FROM `digibe_app_prod`.`companies` WHERE `digibe_app_prod`.`companies`.`id` IN (?,?)
prisma:query SELECT `digibe_app_prod`.`users`.`id`, `digibe_app_prod`.`users`.`firstName`, `digibe_app_prod`.`users`.`lastName`, `digibe_app_prod`.`users`.`email` FROM `digibe_app_prod`.`users` WHERE `digibe_app_prod`.`users`.`id` IN (?)
prisma:query SELECT COUNT(*) AS `_count$_all` FROM (SELECT `digibe_app_prod`.`contacts`.`id` FROM `digibe_app_prod`.`contacts` WHERE 1=1) AS `sub`
prisma:query SELECT COUNT(*) AS `_count$_all` FROM (SELECT `digibe_app_prod`.`contacts`.`id` FROM `digibe_app_prod`.`contacts` WHERE `digibe_app_prod`.`contacts`.`status` IN (?,?)) AS `sub`
prisma:query SELECT COUNT(*) AS `_count$_all` FROM (SELECT `digibe_app_prod`.`contacts`.`id` FROM `digibe_app_prod`.`contacts` WHERE `digibe_app_prod`.`contacts`.`status` = ?) AS `sub`
 GET /api/contacts 200 in 207ms
 GET /api/auth/session 200 in 31ms
[?25h
